
 Performance counter stats for 'mpirun -host localhost ./mandelbrot -2.500 1.500 -2.000 2.000 8 8192':

      13992.288671      task-clock (msec)         #    2.580 CPUs utilized          
                86      context-switches          #    0.006 K/sec                  
                11      cpu-migrations            #    0.001 K/sec                  
           100,046      page-faults               #    0.007 M/sec                  
   <not supported>      cycles                   
   <not supported>      stalled-cycles-frontend  
   <not supported>      stalled-cycles-backend   
   <not supported>      instructions             
   <not supported>      branches                 
   <not supported>      branch-misses            
   <not supported>      L1-dcache-loads          
   <not supported>      L1-dcache-load-misses    
   <not supported>      LLC-loads                
   <not supported>      LLC-load-misses          

       5.423017939 seconds time elapsed


 Performance counter stats for 'mpirun -host localhost ./mandelbrot -2.500 1.500 -2.000 2.000 8 8192':

      14754.982776      task-clock (msec)         #    2.262 CPUs utilized          
               103      context-switches          #    0.007 K/sec                  
                13      cpu-migrations            #    0.001 K/sec                  
           100,042      page-faults               #    0.007 M/sec                  
   <not supported>      cycles                   
   <not supported>      stalled-cycles-frontend  
   <not supported>      stalled-cycles-backend   
   <not supported>      instructions             
   <not supported>      branches                 
   <not supported>      branch-misses            
   <not supported>      L1-dcache-loads          
   <not supported>      L1-dcache-load-misses    
   <not supported>      LLC-loads                
   <not supported>      LLC-load-misses          

       6.522155275 seconds time elapsed

