
 Performance counter stats for 'mpirun -host localhost ./mandelbrot 0.175 0.375 -0.100 0.100 8 8192':

     105507.567274      task-clock (msec)         #    6.125 CPUs utilized          
             1,458      context-switches          #    0.014 K/sec                  
                17      cpu-migrations            #    0.000 K/sec                  
           100,048      page-faults               #    0.948 K/sec                  
   <not supported>      cycles                   
   <not supported>      stalled-cycles-frontend  
   <not supported>      stalled-cycles-backend   
   <not supported>      instructions             
   <not supported>      branches                 
   <not supported>      branch-misses            
   <not supported>      L1-dcache-loads          
   <not supported>      L1-dcache-load-misses    
   <not supported>      LLC-loads                
   <not supported>      LLC-load-misses          

      17.225945765 seconds time elapsed


 Performance counter stats for 'mpirun -host localhost ./mandelbrot 0.175 0.375 -0.100 0.100 8 8192':

     105521.773988      task-clock (msec)         #    6.285 CPUs utilized          
               333      context-switches          #    0.003 K/sec                  
                12      cpu-migrations            #    0.000 K/sec                  
           100,044      page-faults               #    0.948 K/sec                  
   <not supported>      cycles                   
   <not supported>      stalled-cycles-frontend  
   <not supported>      stalled-cycles-backend   
   <not supported>      instructions             
   <not supported>      branches                 
   <not supported>      branch-misses            
   <not supported>      L1-dcache-loads          
   <not supported>      L1-dcache-load-misses    
   <not supported>      LLC-loads                
   <not supported>      LLC-load-misses          

      16.789641762 seconds time elapsed


 Performance counter stats for 'mpirun -host localhost ./mandelbrot 0.175 0.375 -0.100 0.100 8 8192':

     104998.893833      task-clock (msec)         #    6.232 CPUs utilized          
               321      context-switches          #    0.003 K/sec                  
                13      cpu-migrations            #    0.000 K/sec                  
           100,048      page-faults               #    0.953 K/sec                  
   <not supported>      cycles                   
   <not supported>      stalled-cycles-frontend  
   <not supported>      stalled-cycles-backend   
   <not supported>      instructions             
   <not supported>      branches                 
   <not supported>      branch-misses            
   <not supported>      L1-dcache-loads          
   <not supported>      L1-dcache-load-misses    
   <not supported>      LLC-loads                
   <not supported>      LLC-load-misses          

      16.849684010 seconds time elapsed


 Performance counter stats for 'mpirun -host localhost ./mandelbrot 0.175 0.375 -0.100 0.100 8 8192':

     106667.376629      task-clock (msec)         #    6.179 CPUs utilized          
               356      context-switches          #    0.003 K/sec                  
                14      cpu-migrations            #    0.000 K/sec                  
           100,048      page-faults               #    0.938 K/sec                  
   <not supported>      cycles                   
   <not supported>      stalled-cycles-frontend  
   <not supported>      stalled-cycles-backend   
   <not supported>      instructions             
   <not supported>      branches                 
   <not supported>      branch-misses            
   <not supported>      L1-dcache-loads          
   <not supported>      L1-dcache-load-misses    
   <not supported>      LLC-loads                
   <not supported>      LLC-load-misses          

      17.263443696 seconds time elapsed


 Performance counter stats for 'mpirun -host localhost ./mandelbrot 0.175 0.375 -0.100 0.100 8 8192':

     105033.017512      task-clock (msec)         #    6.296 CPUs utilized          
               325      context-switches          #    0.003 K/sec                  
                12      cpu-migrations            #    0.000 K/sec                  
           100,044      page-faults               #    0.953 K/sec                  
   <not supported>      cycles                   
   <not supported>      stalled-cycles-frontend  
   <not supported>      stalled-cycles-backend   
   <not supported>      instructions             
   <not supported>      branches                 
   <not supported>      branch-misses            
   <not supported>      L1-dcache-loads          
   <not supported>      L1-dcache-load-misses    
   <not supported>      LLC-loads                
   <not supported>      LLC-load-misses          

      16.681229725 seconds time elapsed


 Performance counter stats for 'mpirun -host localhost ./mandelbrot 0.175 0.375 -0.100 0.100 8 8192':

     104976.488327      task-clock (msec)         #    6.288 CPUs utilized          
               309      context-switches          #    0.003 K/sec                  
                11      cpu-migrations            #    0.000 K/sec                  
           100,045      page-faults               #    0.953 K/sec                  
   <not supported>      cycles                   
   <not supported>      stalled-cycles-frontend  
   <not supported>      stalled-cycles-backend   
   <not supported>      instructions             
   <not supported>      branches                 
   <not supported>      branch-misses            
   <not supported>      L1-dcache-loads          
   <not supported>      L1-dcache-load-misses    
   <not supported>      LLC-loads                
   <not supported>      LLC-load-misses          

      16.694157511 seconds time elapsed


 Performance counter stats for 'mpirun -host localhost ./mandelbrot 0.175 0.375 -0.100 0.100 8 8192':

     104954.034846      task-clock (msec)         #    6.219 CPUs utilized          
               344      context-switches          #    0.003 K/sec                  
                11      cpu-migrations            #    0.000 K/sec                  
           100,048      page-faults               #    0.953 K/sec                  
   <not supported>      cycles                   
   <not supported>      stalled-cycles-frontend  
   <not supported>      stalled-cycles-backend   
   <not supported>      instructions             
   <not supported>      branches                 
   <not supported>      branch-misses            
   <not supported>      L1-dcache-loads          
   <not supported>      L1-dcache-load-misses    
   <not supported>      LLC-loads                
   <not supported>      LLC-load-misses          

      16.875760924 seconds time elapsed


 Performance counter stats for 'mpirun -host localhost ./mandelbrot 0.175 0.375 -0.100 0.100 8 8192':

     104953.528933      task-clock (msec)         #    6.235 CPUs utilized          
               311      context-switches          #    0.003 K/sec                  
                11      cpu-migrations            #    0.000 K/sec                  
           100,043      page-faults               #    0.953 K/sec                  
   <not supported>      cycles                   
   <not supported>      stalled-cycles-frontend  
   <not supported>      stalled-cycles-backend   
   <not supported>      instructions             
   <not supported>      branches                 
   <not supported>      branch-misses            
   <not supported>      L1-dcache-loads          
   <not supported>      L1-dcache-load-misses    
   <not supported>      LLC-loads                
   <not supported>      LLC-load-misses          

      16.832920224 seconds time elapsed


 Performance counter stats for 'mpirun -host localhost ./mandelbrot 0.175 0.375 -0.100 0.100 8 8192':

     106746.319679      task-clock (msec)         #    6.238 CPUs utilized          
               342      context-switches          #    0.003 K/sec                  
                13      cpu-migrations            #    0.000 K/sec                  
           100,047      page-faults               #    0.937 K/sec                  
   <not supported>      cycles                   
   <not supported>      stalled-cycles-frontend  
   <not supported>      stalled-cycles-backend   
   <not supported>      instructions             
   <not supported>      branches                 
   <not supported>      branch-misses            
   <not supported>      L1-dcache-loads          
   <not supported>      L1-dcache-load-misses    
   <not supported>      LLC-loads                
   <not supported>      LLC-load-misses          

      17.111888940 seconds time elapsed


 Performance counter stats for 'mpirun -host localhost ./mandelbrot 0.175 0.375 -0.100 0.100 8 8192':

     105065.906266      task-clock (msec)         #    6.271 CPUs utilized          
               322      context-switches          #    0.003 K/sec                  
                 8      cpu-migrations            #    0.000 K/sec                  
           100,043      page-faults               #    0.952 K/sec                  
   <not supported>      cycles                   
   <not supported>      stalled-cycles-frontend  
   <not supported>      stalled-cycles-backend   
   <not supported>      instructions             
   <not supported>      branches                 
   <not supported>      branch-misses            
   <not supported>      L1-dcache-loads          
   <not supported>      L1-dcache-load-misses    
   <not supported>      LLC-loads                
   <not supported>      LLC-load-misses          

      16.754978058 seconds time elapsed

