
 Performance counter stats for 'mpirun -host localhost ./mandelbrot -2.500 1.500 -2.000 2.000 8 8192':

      13862.508942      task-clock (msec)         #    2.629 CPUs utilized          
                75      context-switches          #    0.005 K/sec                  
                 9      cpu-migrations            #    0.001 K/sec                  
           100,046      page-faults               #    0.007 M/sec                  
   <not supported>      cycles                   
   <not supported>      stalled-cycles-frontend  
   <not supported>      stalled-cycles-backend   
   <not supported>      instructions             
   <not supported>      branches                 
   <not supported>      branch-misses            
   <not supported>      L1-dcache-loads          
   <not supported>      L1-dcache-load-misses    
   <not supported>      LLC-loads                
   <not supported>      LLC-load-misses          

       5.272566236 seconds time elapsed


 Performance counter stats for 'mpirun -host localhost ./mandelbrot -2.500 1.500 -2.000 2.000 8 8192':

      14852.399139      task-clock (msec)         #    2.273 CPUs utilized          
               104      context-switches          #    0.007 K/sec                  
                11      cpu-migrations            #    0.001 K/sec                  
           100,046      page-faults               #    0.007 M/sec                  
   <not supported>      cycles                   
   <not supported>      stalled-cycles-frontend  
   <not supported>      stalled-cycles-backend   
   <not supported>      instructions             
   <not supported>      branches                 
   <not supported>      branch-misses            
   <not supported>      L1-dcache-loads          
   <not supported>      L1-dcache-load-misses    
   <not supported>      LLC-loads                
   <not supported>      LLC-load-misses          

       6.535616491 seconds time elapsed


 Performance counter stats for 'mpirun -host localhost ./mandelbrot -2.500 1.500 -2.000 2.000 8 8192':

      14771.910623      task-clock (msec)         #    2.265 CPUs utilized          
               137      context-switches          #    0.009 K/sec                  
                11      cpu-migrations            #    0.001 K/sec                  
           100,042      page-faults               #    0.007 M/sec                  
   <not supported>      cycles                   
   <not supported>      stalled-cycles-frontend  
   <not supported>      stalled-cycles-backend   
   <not supported>      instructions             
   <not supported>      branches                 
   <not supported>      branch-misses            
   <not supported>      L1-dcache-loads          
   <not supported>      L1-dcache-load-misses    
   <not supported>      LLC-loads                
   <not supported>      LLC-load-misses          

       6.522693608 seconds time elapsed


 Performance counter stats for 'mpirun -host localhost ./mandelbrot -2.500 1.500 -2.000 2.000 8 8192':

      14773.520847      task-clock (msec)         #    2.262 CPUs utilized          
               102      context-switches          #    0.007 K/sec                  
                10      cpu-migrations            #    0.001 K/sec                  
           100,047      page-faults               #    0.007 M/sec                  
   <not supported>      cycles                   
   <not supported>      stalled-cycles-frontend  
   <not supported>      stalled-cycles-backend   
   <not supported>      instructions             
   <not supported>      branches                 
   <not supported>      branch-misses            
   <not supported>      L1-dcache-loads          
   <not supported>      L1-dcache-load-misses    
   <not supported>      LLC-loads                
   <not supported>      LLC-load-misses          

       6.530590943 seconds time elapsed


 Performance counter stats for 'mpirun -host localhost ./mandelbrot -2.500 1.500 -2.000 2.000 8 8192':

      15337.932695      task-clock (msec)         #    2.261 CPUs utilized          
               124      context-switches          #    0.008 K/sec                  
                12      cpu-migrations            #    0.001 K/sec                  
           100,047      page-faults               #    0.007 M/sec                  
   <not supported>      cycles                   
   <not supported>      stalled-cycles-frontend  
   <not supported>      stalled-cycles-backend   
   <not supported>      instructions             
   <not supported>      branches                 
   <not supported>      branch-misses            
   <not supported>      L1-dcache-loads          
   <not supported>      L1-dcache-load-misses    
   <not supported>      LLC-loads                
   <not supported>      LLC-load-misses          

       6.784787638 seconds time elapsed


 Performance counter stats for 'mpirun -host localhost ./mandelbrot -2.500 1.500 -2.000 2.000 8 8192':

      14796.761075      task-clock (msec)         #    2.269 CPUs utilized          
                97      context-switches          #    0.007 K/sec                  
                14      cpu-migrations            #    0.001 K/sec                  
           100,044      page-faults               #    0.007 M/sec                  
   <not supported>      cycles                   
   <not supported>      stalled-cycles-frontend  
   <not supported>      stalled-cycles-backend   
   <not supported>      instructions             
   <not supported>      branches                 
   <not supported>      branch-misses            
   <not supported>      L1-dcache-loads          
   <not supported>      L1-dcache-load-misses    
   <not supported>      LLC-loads                
   <not supported>      LLC-load-misses          

       6.521533523 seconds time elapsed


 Performance counter stats for 'mpirun -host localhost ./mandelbrot -2.500 1.500 -2.000 2.000 8 8192':

      14773.149283      task-clock (msec)         #    2.260 CPUs utilized          
               131      context-switches          #    0.009 K/sec                  
                10      cpu-migrations            #    0.001 K/sec                  
           100,040      page-faults               #    0.007 M/sec                  
   <not supported>      cycles                   
   <not supported>      stalled-cycles-frontend  
   <not supported>      stalled-cycles-backend   
   <not supported>      instructions             
   <not supported>      branches                 
   <not supported>      branch-misses            
   <not supported>      L1-dcache-loads          
   <not supported>      L1-dcache-load-misses    
   <not supported>      LLC-loads                
   <not supported>      LLC-load-misses          

       6.537793704 seconds time elapsed


 Performance counter stats for 'mpirun -host localhost ./mandelbrot -2.500 1.500 -2.000 2.000 8 8192':

      15346.606911      task-clock (msec)         #    2.346 CPUs utilized          
               113      context-switches          #    0.007 K/sec                  
                10      cpu-migrations            #    0.001 K/sec                  
           100,048      page-faults               #    0.007 M/sec                  
   <not supported>      cycles                   
   <not supported>      stalled-cycles-frontend  
   <not supported>      stalled-cycles-backend   
   <not supported>      instructions             
   <not supported>      branches                 
   <not supported>      branch-misses            
   <not supported>      L1-dcache-loads          
   <not supported>      L1-dcache-load-misses    
   <not supported>      LLC-loads                
   <not supported>      LLC-load-misses          

       6.541877885 seconds time elapsed


 Performance counter stats for 'mpirun -host localhost ./mandelbrot -2.500 1.500 -2.000 2.000 8 8192':

      14787.198920      task-clock (msec)         #    2.267 CPUs utilized          
               111      context-switches          #    0.008 K/sec                  
                13      cpu-migrations            #    0.001 K/sec                  
           100,042      page-faults               #    0.007 M/sec                  
   <not supported>      cycles                   
   <not supported>      stalled-cycles-frontend  
   <not supported>      stalled-cycles-backend   
   <not supported>      instructions             
   <not supported>      branches                 
   <not supported>      branch-misses            
   <not supported>      L1-dcache-loads          
   <not supported>      L1-dcache-load-misses    
   <not supported>      LLC-loads                
   <not supported>      LLC-load-misses          

       6.523640252 seconds time elapsed


 Performance counter stats for 'mpirun -host localhost ./mandelbrot -2.500 1.500 -2.000 2.000 8 8192':

      14790.415392      task-clock (msec)         #    2.263 CPUs utilized          
               112      context-switches          #    0.008 K/sec                  
                 9      cpu-migrations            #    0.001 K/sec                  
           100,043      page-faults               #    0.007 M/sec                  
   <not supported>      cycles                   
   <not supported>      stalled-cycles-frontend  
   <not supported>      stalled-cycles-backend   
   <not supported>      instructions             
   <not supported>      branches                 
   <not supported>      branch-misses            
   <not supported>      L1-dcache-loads          
   <not supported>      L1-dcache-load-misses    
   <not supported>      LLC-loads                
   <not supported>      LLC-load-misses          

       6.534784557 seconds time elapsed

