
 Performance counter stats for 'mpirun -host localhost ./mandelbrot -0.800 -0.700 0.050 0.150 8 8192':

     111459.406881      task-clock (msec)         #    6.300 CPUs utilized          
               353      context-switches          #    0.003 K/sec                  
                11      cpu-migrations            #    0.000 K/sec                  
           100,044      page-faults               #    0.898 K/sec                  
   <not supported>      cycles                   
   <not supported>      stalled-cycles-frontend  
   <not supported>      stalled-cycles-backend   
   <not supported>      instructions             
   <not supported>      branches                 
   <not supported>      branch-misses            
   <not supported>      L1-dcache-loads          
   <not supported>      L1-dcache-load-misses    
   <not supported>      LLC-loads                
   <not supported>      LLC-load-misses          

      17.693113642 seconds time elapsed


 Performance counter stats for 'mpirun -host localhost ./mandelbrot -0.800 -0.700 0.050 0.150 8 8192':

     111466.279305      task-clock (msec)         #    6.222 CPUs utilized          
               341      context-switches          #    0.003 K/sec                  
                11      cpu-migrations            #    0.000 K/sec                  
           100,046      page-faults               #    0.898 K/sec                  
   <not supported>      cycles                   
   <not supported>      stalled-cycles-frontend  
   <not supported>      stalled-cycles-backend   
   <not supported>      instructions             
   <not supported>      branches                 
   <not supported>      branch-misses            
   <not supported>      L1-dcache-loads          
   <not supported>      L1-dcache-load-misses    
   <not supported>      LLC-loads                
   <not supported>      LLC-load-misses          

      17.914259506 seconds time elapsed


 Performance counter stats for 'mpirun -host localhost ./mandelbrot -0.800 -0.700 0.050 0.150 8 8192':

     111479.337762      task-clock (msec)         #    6.292 CPUs utilized          
               358      context-switches          #    0.003 K/sec                  
                10      cpu-migrations            #    0.000 K/sec                  
           100,046      page-faults               #    0.897 K/sec                  
   <not supported>      cycles                   
   <not supported>      stalled-cycles-frontend  
   <not supported>      stalled-cycles-backend   
   <not supported>      instructions             
   <not supported>      branches                 
   <not supported>      branch-misses            
   <not supported>      L1-dcache-loads          
   <not supported>      L1-dcache-load-misses    
   <not supported>      LLC-loads                
   <not supported>      LLC-load-misses          

      17.717461013 seconds time elapsed


 Performance counter stats for 'mpirun -host localhost ./mandelbrot -0.800 -0.700 0.050 0.150 8 8192':

     112195.229325      task-clock (msec)         #    6.323 CPUs utilized          
               368      context-switches          #    0.003 K/sec                  
                16      cpu-migrations            #    0.000 K/sec                  
           100,045      page-faults               #    0.892 K/sec                  
   <not supported>      cycles                   
   <not supported>      stalled-cycles-frontend  
   <not supported>      stalled-cycles-backend   
   <not supported>      instructions             
   <not supported>      branches                 
   <not supported>      branch-misses            
   <not supported>      L1-dcache-loads          
   <not supported>      L1-dcache-load-misses    
   <not supported>      LLC-loads                
   <not supported>      LLC-load-misses          

      17.743401191 seconds time elapsed


 Performance counter stats for 'mpirun -host localhost ./mandelbrot -0.800 -0.700 0.050 0.150 8 8192':

     111465.840382      task-clock (msec)         #    6.362 CPUs utilized          
               353      context-switches          #    0.003 K/sec                  
                11      cpu-migrations            #    0.000 K/sec                  
           100,045      page-faults               #    0.898 K/sec                  
   <not supported>      cycles                   
   <not supported>      stalled-cycles-frontend  
   <not supported>      stalled-cycles-backend   
   <not supported>      instructions             
   <not supported>      branches                 
   <not supported>      branch-misses            
   <not supported>      L1-dcache-loads          
   <not supported>      L1-dcache-load-misses    
   <not supported>      LLC-loads                
   <not supported>      LLC-load-misses          

      17.520151700 seconds time elapsed


 Performance counter stats for 'mpirun -host localhost ./mandelbrot -0.800 -0.700 0.050 0.150 8 8192':

     111470.838763      task-clock (msec)         #    6.454 CPUs utilized          
               346      context-switches          #    0.003 K/sec                  
                12      cpu-migrations            #    0.000 K/sec                  
           100,046      page-faults               #    0.898 K/sec                  
   <not supported>      cycles                   
   <not supported>      stalled-cycles-frontend  
   <not supported>      stalled-cycles-backend   
   <not supported>      instructions             
   <not supported>      branches                 
   <not supported>      branch-misses            
   <not supported>      L1-dcache-loads          
   <not supported>      L1-dcache-load-misses    
   <not supported>      LLC-loads                
   <not supported>      LLC-load-misses          

      17.272437925 seconds time elapsed


 Performance counter stats for 'mpirun -host localhost ./mandelbrot -0.800 -0.700 0.050 0.150 8 8192':

     111357.667570      task-clock (msec)         #    6.233 CPUs utilized          
               344      context-switches          #    0.003 K/sec                  
                12      cpu-migrations            #    0.000 K/sec                  
           100,047      page-faults               #    0.898 K/sec                  
   <not supported>      cycles                   
   <not supported>      stalled-cycles-frontend  
   <not supported>      stalled-cycles-backend   
   <not supported>      instructions             
   <not supported>      branches                 
   <not supported>      branch-misses            
   <not supported>      L1-dcache-loads          
   <not supported>      L1-dcache-load-misses    
   <not supported>      LLC-loads                
   <not supported>      LLC-load-misses          

      17.864545306 seconds time elapsed


 Performance counter stats for 'mpirun -host localhost ./mandelbrot -0.800 -0.700 0.050 0.150 8 8192':

     111412.712476      task-clock (msec)         #    6.240 CPUs utilized          
               354      context-switches          #    0.003 K/sec                  
                16      cpu-migrations            #    0.000 K/sec                  
           100,047      page-faults               #    0.898 K/sec                  
   <not supported>      cycles                   
   <not supported>      stalled-cycles-frontend  
   <not supported>      stalled-cycles-backend   
   <not supported>      instructions             
   <not supported>      branches                 
   <not supported>      branch-misses            
   <not supported>      L1-dcache-loads          
   <not supported>      L1-dcache-load-misses    
   <not supported>      LLC-loads                
   <not supported>      LLC-load-misses          

      17.854766626 seconds time elapsed


 Performance counter stats for 'mpirun -host localhost ./mandelbrot -0.800 -0.700 0.050 0.150 8 8192':

     111829.152282      task-clock (msec)         #    6.414 CPUs utilized          
               352      context-switches          #    0.003 K/sec                  
                13      cpu-migrations            #    0.000 K/sec                  
           100,043      page-faults               #    0.895 K/sec                  
   <not supported>      cycles                   
   <not supported>      stalled-cycles-frontend  
   <not supported>      stalled-cycles-backend   
   <not supported>      instructions             
   <not supported>      branches                 
   <not supported>      branch-misses            
   <not supported>      L1-dcache-loads          
   <not supported>      L1-dcache-load-misses    
   <not supported>      LLC-loads                
   <not supported>      LLC-load-misses          

      17.436407543 seconds time elapsed


 Performance counter stats for 'mpirun -host localhost ./mandelbrot -0.800 -0.700 0.050 0.150 8 8192':

     113134.762880      task-clock (msec)         #    6.042 CPUs utilized          
               377      context-switches          #    0.003 K/sec                  
                10      cpu-migrations            #    0.000 K/sec                  
           100,047      page-faults               #    0.884 K/sec                  
   <not supported>      cycles                   
   <not supported>      stalled-cycles-frontend  
   <not supported>      stalled-cycles-backend   
   <not supported>      instructions             
   <not supported>      branches                 
   <not supported>      branch-misses            
   <not supported>      L1-dcache-loads          
   <not supported>      L1-dcache-load-misses    
   <not supported>      LLC-loads                
   <not supported>      LLC-load-misses          

      18.724230144 seconds time elapsed

