
 Performance counter stats for 'mpirun -host localhost ./mandelbrot -0.188 -0.012 0.554 0.754 8 8192':

     128209.107780      task-clock (msec)         #    6.742 CPUs utilized          
               373      context-switches          #    0.003 K/sec                  
                12      cpu-migrations            #    0.000 K/sec                  
           100,045      page-faults               #    0.780 K/sec                  
   <not supported>      cycles                   
   <not supported>      stalled-cycles-frontend  
   <not supported>      stalled-cycles-backend   
   <not supported>      instructions             
   <not supported>      branches                 
   <not supported>      branch-misses            
   <not supported>      L1-dcache-loads          
   <not supported>      L1-dcache-load-misses    
   <not supported>      LLC-loads                
   <not supported>      LLC-load-misses          

      19.015273357 seconds time elapsed


 Performance counter stats for 'mpirun -host localhost ./mandelbrot -0.188 -0.012 0.554 0.754 8 8192':

     127850.647745      task-clock (msec)         #    6.867 CPUs utilized          
               376      context-switches          #    0.003 K/sec                  
                11      cpu-migrations            #    0.000 K/sec                  
           100,042      page-faults               #    0.782 K/sec                  
   <not supported>      cycles                   
   <not supported>      stalled-cycles-frontend  
   <not supported>      stalled-cycles-backend   
   <not supported>      instructions             
   <not supported>      branches                 
   <not supported>      branch-misses            
   <not supported>      L1-dcache-loads          
   <not supported>      L1-dcache-load-misses    
   <not supported>      LLC-loads                
   <not supported>      LLC-load-misses          

      18.619361215 seconds time elapsed


 Performance counter stats for 'mpirun -host localhost ./mandelbrot -0.188 -0.012 0.554 0.754 8 8192':

     127960.553675      task-clock (msec)         #    6.869 CPUs utilized          
               418      context-switches          #    0.003 K/sec                  
                10      cpu-migrations            #    0.000 K/sec                  
           100,047      page-faults               #    0.782 K/sec                  
   <not supported>      cycles                   
   <not supported>      stalled-cycles-frontend  
   <not supported>      stalled-cycles-backend   
   <not supported>      instructions             
   <not supported>      branches                 
   <not supported>      branch-misses            
   <not supported>      L1-dcache-loads          
   <not supported>      L1-dcache-load-misses    
   <not supported>      LLC-loads                
   <not supported>      LLC-load-misses          

      18.629595166 seconds time elapsed


 Performance counter stats for 'mpirun -host localhost ./mandelbrot -0.188 -0.012 0.554 0.754 8 8192':

     127945.954577      task-clock (msec)         #    6.812 CPUs utilized          
               387      context-switches          #    0.003 K/sec                  
                14      cpu-migrations            #    0.000 K/sec                  
           100,047      page-faults               #    0.782 K/sec                  
   <not supported>      cycles                   
   <not supported>      stalled-cycles-frontend  
   <not supported>      stalled-cycles-backend   
   <not supported>      instructions             
   <not supported>      branches                 
   <not supported>      branch-misses            
   <not supported>      L1-dcache-loads          
   <not supported>      L1-dcache-load-misses    
   <not supported>      LLC-loads                
   <not supported>      LLC-load-misses          

      18.782302031 seconds time elapsed


 Performance counter stats for 'mpirun -host localhost ./mandelbrot -0.188 -0.012 0.554 0.754 8 8192':

     127801.274778      task-clock (msec)         #    6.802 CPUs utilized          
               394      context-switches          #    0.003 K/sec                  
                14      cpu-migrations            #    0.000 K/sec                  
           100,045      page-faults               #    0.783 K/sec                  
   <not supported>      cycles                   
   <not supported>      stalled-cycles-frontend  
   <not supported>      stalled-cycles-backend   
   <not supported>      instructions             
   <not supported>      branches                 
   <not supported>      branch-misses            
   <not supported>      L1-dcache-loads          
   <not supported>      L1-dcache-load-misses    
   <not supported>      LLC-loads                
   <not supported>      LLC-load-misses          

      18.789179969 seconds time elapsed


 Performance counter stats for 'mpirun -host localhost ./mandelbrot -0.188 -0.012 0.554 0.754 8 8192':

     127914.758590      task-clock (msec)         #    6.815 CPUs utilized          
               414      context-switches          #    0.003 K/sec                  
                10      cpu-migrations            #    0.000 K/sec                  
           100,045      page-faults               #    0.782 K/sec                  
   <not supported>      cycles                   
   <not supported>      stalled-cycles-frontend  
   <not supported>      stalled-cycles-backend   
   <not supported>      instructions             
   <not supported>      branches                 
   <not supported>      branch-misses            
   <not supported>      L1-dcache-loads          
   <not supported>      L1-dcache-load-misses    
   <not supported>      LLC-loads                
   <not supported>      LLC-load-misses          

      18.770053669 seconds time elapsed


 Performance counter stats for 'mpirun -host localhost ./mandelbrot -0.188 -0.012 0.554 0.754 8 8192':

     128203.012648      task-clock (msec)         #    6.816 CPUs utilized          
               380      context-switches          #    0.003 K/sec                  
                16      cpu-migrations            #    0.000 K/sec                  
           100,046      page-faults               #    0.780 K/sec                  
   <not supported>      cycles                   
   <not supported>      stalled-cycles-frontend  
   <not supported>      stalled-cycles-backend   
   <not supported>      instructions             
   <not supported>      branches                 
   <not supported>      branch-misses            
   <not supported>      L1-dcache-loads          
   <not supported>      L1-dcache-load-misses    
   <not supported>      LLC-loads                
   <not supported>      LLC-load-misses          

      18.809108949 seconds time elapsed


 Performance counter stats for 'mpirun -host localhost ./mandelbrot -0.188 -0.012 0.554 0.754 8 8192':

     127870.686906      task-clock (msec)         #    6.823 CPUs utilized          
               401      context-switches          #    0.003 K/sec                  
                12      cpu-migrations            #    0.000 K/sec                  
           100,049      page-faults               #    0.782 K/sec                  
   <not supported>      cycles                   
   <not supported>      stalled-cycles-frontend  
   <not supported>      stalled-cycles-backend   
   <not supported>      instructions             
   <not supported>      branches                 
   <not supported>      branch-misses            
   <not supported>      L1-dcache-loads          
   <not supported>      L1-dcache-load-misses    
   <not supported>      LLC-loads                
   <not supported>      LLC-load-misses          

      18.741435426 seconds time elapsed


 Performance counter stats for 'mpirun -host localhost ./mandelbrot -0.188 -0.012 0.554 0.754 8 8192':

     127925.598762      task-clock (msec)         #    6.819 CPUs utilized          
               424      context-switches          #    0.003 K/sec                  
                 9      cpu-migrations            #    0.000 K/sec                  
           100,045      page-faults               #    0.782 K/sec                  
   <not supported>      cycles                   
   <not supported>      stalled-cycles-frontend  
   <not supported>      stalled-cycles-backend   
   <not supported>      instructions             
   <not supported>      branches                 
   <not supported>      branch-misses            
   <not supported>      L1-dcache-loads          
   <not supported>      L1-dcache-load-misses    
   <not supported>      LLC-loads                
   <not supported>      LLC-load-misses          

      18.758984653 seconds time elapsed


 Performance counter stats for 'mpirun -host localhost ./mandelbrot -0.188 -0.012 0.554 0.754 8 8192':

     127920.615444      task-clock (msec)         #    6.807 CPUs utilized          
               376      context-switches          #    0.003 K/sec                  
                11      cpu-migrations            #    0.000 K/sec                  
           100,045      page-faults               #    0.782 K/sec                  
   <not supported>      cycles                   
   <not supported>      stalled-cycles-frontend  
   <not supported>      stalled-cycles-backend   
   <not supported>      instructions             
   <not supported>      branches                 
   <not supported>      branch-misses            
   <not supported>      L1-dcache-loads          
   <not supported>      L1-dcache-load-misses    
   <not supported>      LLC-loads                
   <not supported>      LLC-load-misses          

      18.791189500 seconds time elapsed

