+ mpirun -host localhost ./mandelbrot 0.175 0.375 -0.100 0.100 8 512
Processing an image of size 512 with 8 threads
WC Time ALLOCATION: 0.000008
CPU Time ALLOCATION: 0.000009

WC Time ALGORITHM: 0.263813
CPU Time ALGORITHM: 0.524829

WC Time IO OPERATION: 0.000653
CPU Time IO OPERATION: 0.000653

Total WC Time: 0.264474
Total CPU Time: 0.525491

+ mpirun -host localhost ./mandelbrot 0.175 0.375 -0.100 0.100 8 512
Processing an image of size 512 with 8 threads
WC Time ALLOCATION: 0.000008
CPU Time ALLOCATION: 0.000009

WC Time ALGORITHM: 0.265236
CPU Time ALGORITHM: 0.518903

WC Time IO OPERATION: 0.000832
CPU Time IO OPERATION: 0.000826

Total WC Time: 0.266076
Total CPU Time: 0.519738

+ mpirun -host localhost ./mandelbrot 0.175 0.375 -0.100 0.100 8 512
Processing an image of size 512 with 8 threads
WC Time ALLOCATION: 0.000007
CPU Time ALLOCATION: 0.000009

WC Time ALGORITHM: 0.263100
CPU Time ALGORITHM: 0.520468

WC Time IO OPERATION: 0.000642
CPU Time IO OPERATION: 0.000630

Total WC Time: 0.263749
Total CPU Time: 0.521107

+ mpirun -host localhost ./mandelbrot 0.175 0.375 -0.100 0.100 8 512
Processing an image of size 512 with 8 threads
WC Time ALLOCATION: 0.000007
CPU Time ALLOCATION: 0.000008

WC Time ALGORITHM: 0.263869
CPU Time ALGORITHM: 0.519056

WC Time IO OPERATION: 0.000627
CPU Time IO OPERATION: 0.000627

Total WC Time: 0.264504
Total CPU Time: 0.519691

+ mpirun -host localhost ./mandelbrot 0.175 0.375 -0.100 0.100 8 512
Processing an image of size 512 with 8 threads
WC Time ALLOCATION: 0.000008
CPU Time ALLOCATION: 0.000010

WC Time ALGORITHM: 0.264825
CPU Time ALGORITHM: 0.520446

WC Time IO OPERATION: 0.000665
CPU Time IO OPERATION: 0.000649

Total WC Time: 0.265497
Total CPU Time: 0.521105

+ mpirun -host localhost ./mandelbrot 0.175 0.375 -0.100 0.100 8 512
Processing an image of size 512 with 8 threads
WC Time ALLOCATION: 0.000007
CPU Time ALLOCATION: 0.000008

WC Time ALGORITHM: 0.263712
CPU Time ALGORITHM: 0.522105

WC Time IO OPERATION: 1.968005
CPU Time IO OPERATION: 0.001016

Total WC Time: 2.231724
Total CPU Time: 0.523129

+ mpirun -host localhost ./mandelbrot 0.175 0.375 -0.100 0.100 8 512
Processing an image of size 512 with 8 threads
WC Time ALLOCATION: 0.000007
CPU Time ALLOCATION: 0.000008

WC Time ALGORITHM: 1.732255
CPU Time ALGORITHM: 0.522881

WC Time IO OPERATION: 0.000695
CPU Time IO OPERATION: 0.000675

Total WC Time: 1.732957
Total CPU Time: 0.523564

+ mpirun -host localhost ./mandelbrot 0.175 0.375 -0.100 0.100 8 512
Processing an image of size 512 with 8 threads
WC Time ALLOCATION: 0.000007
CPU Time ALLOCATION: 0.000008

WC Time ALGORITHM: 1.735058
CPU Time ALGORITHM: 0.519877

WC Time IO OPERATION: 0.000680
CPU Time IO OPERATION: 0.000665

Total WC Time: 1.735745
Total CPU Time: 0.520550

+ mpirun -host localhost ./mandelbrot 0.175 0.375 -0.100 0.100 8 512
Processing an image of size 512 with 8 threads
WC Time ALLOCATION: 0.000007
CPU Time ALLOCATION: 0.000008

WC Time ALGORITHM: 1.732833
CPU Time ALGORITHM: 0.520551

WC Time IO OPERATION: 0.000651
CPU Time IO OPERATION: 0.000650

Total WC Time: 1.733491
Total CPU Time: 0.521209

+ mpirun -host localhost ./mandelbrot 0.175 0.375 -0.100 0.100 8 512
Processing an image of size 512 with 8 threads
WC Time ALLOCATION: 0.000007
CPU Time ALLOCATION: 0.000008

WC Time ALGORITHM: 1.736432
CPU Time ALGORITHM: 0.518682

WC Time IO OPERATION: 0.000671
CPU Time IO OPERATION: 0.000658

Total WC Time: 1.737111
Total CPU Time: 0.519348

+ mpirun -host localhost ./mandelbrot 0.175 0.375 -0.100 0.100 16 512
Processing an image of size 512 with 16 threads
WC Time ALLOCATION: 0.000007
CPU Time ALLOCATION: 0.000009

WC Time ALGORITHM: 1.735932
CPU Time ALGORITHM: 0.520142

WC Time IO OPERATION: 0.000640
CPU Time IO OPERATION: 0.000627

Total WC Time: 1.736579
Total CPU Time: 0.520778

+ mpirun -host localhost ./mandelbrot 0.175 0.375 -0.100 0.100 16 512
Processing an image of size 512 with 16 threads
WC Time ALLOCATION: 0.000008
CPU Time ALLOCATION: 0.000009

WC Time ALGORITHM: 1.735322
CPU Time ALGORITHM: 0.522419

WC Time IO OPERATION: 0.000669
CPU Time IO OPERATION: 0.000655

Total WC Time: 1.735998
Total CPU Time: 0.523083

+ mpirun -host localhost ./mandelbrot 0.175 0.375 -0.100 0.100 16 512
Processing an image of size 512 with 16 threads
WC Time ALLOCATION: 0.000006
CPU Time ALLOCATION: 0.000007

WC Time ALGORITHM: 1.734453
CPU Time ALGORITHM: 0.525829

WC Time IO OPERATION: 0.000653
CPU Time IO OPERATION: 0.000653

Total WC Time: 1.735113
Total CPU Time: 0.526489

+ mpirun -host localhost ./mandelbrot 0.175 0.375 -0.100 0.100 16 512
Processing an image of size 512 with 16 threads
WC Time ALLOCATION: 0.000008
CPU Time ALLOCATION: 0.000008

WC Time ALGORITHM: 1.734755
CPU Time ALGORITHM: 0.522291

WC Time IO OPERATION: 0.000621
CPU Time IO OPERATION: 0.000620

Total WC Time: 1.735383
Total CPU Time: 0.522919

+ mpirun -host localhost ./mandelbrot 0.175 0.375 -0.100 0.100 16 512
Processing an image of size 512 with 16 threads
WC Time ALLOCATION: 0.000007
CPU Time ALLOCATION: 0.000008

WC Time ALGORITHM: 1.731151
CPU Time ALGORITHM: 0.527085

WC Time IO OPERATION: 0.000673
CPU Time IO OPERATION: 0.000672

Total WC Time: 1.731830
Total CPU Time: 0.527765

+ mpirun -host localhost ./mandelbrot 0.175 0.375 -0.100 0.100 16 512
Processing an image of size 512 with 16 threads
WC Time ALLOCATION: 0.000008
CPU Time ALLOCATION: 0.000009

WC Time ALGORITHM: 1.735850
CPU Time ALGORITHM: 0.524450

WC Time IO OPERATION: 0.000668
CPU Time IO OPERATION: 0.000657

Total WC Time: 1.736526
Total CPU Time: 0.525116

+ mpirun -host localhost ./mandelbrot 0.175 0.375 -0.100 0.100 16 512
Processing an image of size 512 with 16 threads
WC Time ALLOCATION: 0.000020
CPU Time ALLOCATION: 0.000021

WC Time ALGORITHM: 1.738358
CPU Time ALGORITHM: 0.518920

WC Time IO OPERATION: 0.000667
CPU Time IO OPERATION: 0.000653

Total WC Time: 1.739045
Total CPU Time: 0.519594

+ mpirun -host localhost ./mandelbrot 0.175 0.375 -0.100 0.100 16 512
Processing an image of size 512 with 16 threads
WC Time ALLOCATION: 0.000007
CPU Time ALLOCATION: 0.000009

WC Time ALGORITHM: 1.722111
CPU Time ALGORITHM: 0.532458

WC Time IO OPERATION: 0.000656
CPU Time IO OPERATION: 0.000643

Total WC Time: 1.722774
Total CPU Time: 0.533110

+ mpirun -host localhost ./mandelbrot 0.175 0.375 -0.100 0.100 16 512
Processing an image of size 512 with 16 threads
WC Time ALLOCATION: 0.000007
CPU Time ALLOCATION: 0.000007

WC Time ALGORITHM: 1.733152
CPU Time ALGORITHM: 0.528115

WC Time IO OPERATION: 0.000663
CPU Time IO OPERATION: 0.000650

Total WC Time: 1.733822
Total CPU Time: 0.528772

+ mpirun -host localhost ./mandelbrot 0.175 0.375 -0.100 0.100 16 512
Processing an image of size 512 with 16 threads
WC Time ALLOCATION: 0.000007
CPU Time ALLOCATION: 0.000008

WC Time ALGORITHM: 0.264909
CPU Time ALGORITHM: 0.524108

WC Time IO OPERATION: 0.000669
CPU Time IO OPERATION: 0.000668

Total WC Time: 0.265585
Total CPU Time: 0.524784

+ mpirun -host localhost ./mandelbrot 0.175 0.375 -0.100 0.100 8 1024
Processing an image of size 1024 with 8 threads
WC Time ALLOCATION: 0.000008
CPU Time ALLOCATION: 0.000009

WC Time ALGORITHM: 2.942918
CPU Time ALGORITHM: 2.098053

WC Time IO OPERATION: 0.002711
CPU Time IO OPERATION: 0.002698

Total WC Time: 2.945636
Total CPU Time: 2.100760

+ mpirun -host localhost ./mandelbrot 0.175 0.375 -0.100 0.100 8 1024
Processing an image of size 1024 with 8 threads
WC Time ALLOCATION: 0.000008
CPU Time ALLOCATION: 0.000009

WC Time ALGORITHM: 1.044980
CPU Time ALGORITHM: 2.080495

WC Time IO OPERATION: 0.002223
CPU Time IO OPERATION: 0.002215

Total WC Time: 1.047211
Total CPU Time: 2.082719

+ mpirun -host localhost ./mandelbrot 0.175 0.375 -0.100 0.100 8 1024
Processing an image of size 1024 with 8 threads
WC Time ALLOCATION: 0.000008
CPU Time ALLOCATION: 0.000009

WC Time ALGORITHM: 1.052949
CPU Time ALGORITHM: 2.082349

WC Time IO OPERATION: 0.003021
CPU Time IO OPERATION: 0.003007

Total WC Time: 1.055978
Total CPU Time: 2.085365

+ mpirun -host localhost ./mandelbrot 0.175 0.375 -0.100 0.100 8 1024
Processing an image of size 1024 with 8 threads
WC Time ALLOCATION: 0.000008
CPU Time ALLOCATION: 0.000010

WC Time ALGORITHM: 1.054475
CPU Time ALGORITHM: 2.078312

WC Time IO OPERATION: 0.003167
CPU Time IO OPERATION: 0.003153

Total WC Time: 1.057650
Total CPU Time: 2.081475

+ mpirun -host localhost ./mandelbrot 0.175 0.375 -0.100 0.100 8 1024
Processing an image of size 1024 with 8 threads
WC Time ALLOCATION: 0.000007
CPU Time ALLOCATION: 0.000008

WC Time ALGORITHM: 1.055860
CPU Time ALGORITHM: 2.088452

WC Time IO OPERATION: 0.003854
CPU Time IO OPERATION: 0.003836

Total WC Time: 1.059721
Total CPU Time: 2.092296

+ mpirun -host localhost ./mandelbrot 0.175 0.375 -0.100 0.100 8 1024
Processing an image of size 1024 with 8 threads
WC Time ALLOCATION: 0.000008
CPU Time ALLOCATION: 0.000009

WC Time ALGORITHM: 1.058084
CPU Time ALGORITHM: 2.086229

WC Time IO OPERATION: 0.003868
CPU Time IO OPERATION: 0.003846

Total WC Time: 1.061960
Total CPU Time: 2.090084

+ mpirun -host localhost ./mandelbrot 0.175 0.375 -0.100 0.100 8 1024
Processing an image of size 1024 with 8 threads
WC Time ALLOCATION: 0.000007
CPU Time ALLOCATION: 0.000009

WC Time ALGORITHM: 1.049573
CPU Time ALGORITHM: 2.089568

WC Time IO OPERATION: 0.002325
CPU Time IO OPERATION: 0.002317

Total WC Time: 1.051905
Total CPU Time: 2.091894

+ mpirun -host localhost ./mandelbrot 0.175 0.375 -0.100 0.100 8 1024
Processing an image of size 1024 with 8 threads
WC Time ALLOCATION: 0.000008
CPU Time ALLOCATION: 0.000010

WC Time ALGORITHM: 1.054028
CPU Time ALGORITHM: 2.093755

WC Time IO OPERATION: 0.002971
CPU Time IO OPERATION: 0.002956

Total WC Time: 1.057006
Total CPU Time: 2.096721

+ mpirun -host localhost ./mandelbrot 0.175 0.375 -0.100 0.100 8 1024
Processing an image of size 1024 with 8 threads
WC Time ALLOCATION: 0.000020
CPU Time ALLOCATION: 0.000022

WC Time ALGORITHM: 1.044357
CPU Time ALGORITHM: 2.081816

WC Time IO OPERATION: 0.002261
CPU Time IO OPERATION: 0.002243

Total WC Time: 1.046638
Total CPU Time: 2.084081

+ mpirun -host localhost ./mandelbrot 0.175 0.375 -0.100 0.100 8 1024
Processing an image of size 1024 with 8 threads
WC Time ALLOCATION: 0.000008
CPU Time ALLOCATION: 0.000009

WC Time ALGORITHM: 1.043982
CPU Time ALGORITHM: 2.081839

WC Time IO OPERATION: 0.002286
CPU Time IO OPERATION: 0.002279

Total WC Time: 1.046276
Total CPU Time: 2.084127

+ mpirun -host localhost ./mandelbrot 0.175 0.375 -0.100 0.100 16 1024
Processing an image of size 1024 with 16 threads
WC Time ALLOCATION: 0.000007
CPU Time ALLOCATION: 0.000008

WC Time ALGORITHM: 1.044868
CPU Time ALGORITHM: 2.078274

WC Time IO OPERATION: 0.002448
CPU Time IO OPERATION: 0.002440

Total WC Time: 1.047323
Total CPU Time: 2.080722

+ mpirun -host localhost ./mandelbrot 0.175 0.375 -0.100 0.100 16 1024
Processing an image of size 1024 with 16 threads
WC Time ALLOCATION: 0.000007
CPU Time ALLOCATION: 0.000009

WC Time ALGORITHM: 1.042906
CPU Time ALGORITHM: 2.078450

WC Time IO OPERATION: 0.002261
CPU Time IO OPERATION: 0.002252

Total WC Time: 1.045174
Total CPU Time: 2.080711

+ mpirun -host localhost ./mandelbrot 0.175 0.375 -0.100 0.100 16 1024
Processing an image of size 1024 with 16 threads
WC Time ALLOCATION: 0.000008
CPU Time ALLOCATION: 0.000009

WC Time ALGORITHM: 1.045748
CPU Time ALGORITHM: 2.085328

WC Time IO OPERATION: 0.002276
CPU Time IO OPERATION: 0.002268

Total WC Time: 1.048033
Total CPU Time: 2.087605

+ mpirun -host localhost ./mandelbrot 0.175 0.375 -0.100 0.100 16 1024
Processing an image of size 1024 with 16 threads
WC Time ALLOCATION: 0.000009
CPU Time ALLOCATION: 0.000009

WC Time ALGORITHM: 1.047620
CPU Time ALGORITHM: 2.083299

WC Time IO OPERATION: 0.002603
CPU Time IO OPERATION: 0.002594

Total WC Time: 1.050231
Total CPU Time: 2.085902

+ mpirun -host localhost ./mandelbrot 0.175 0.375 -0.100 0.100 16 1024
Processing an image of size 1024 with 16 threads
WC Time ALLOCATION: 0.000007
CPU Time ALLOCATION: 0.000009

WC Time ALGORITHM: 1.051545
CPU Time ALGORITHM: 2.089848

WC Time IO OPERATION: 0.002699
CPU Time IO OPERATION: 0.002687

Total WC Time: 1.054252
Total CPU Time: 2.092544

+ mpirun -host localhost ./mandelbrot 0.175 0.375 -0.100 0.100 16 1024
Processing an image of size 1024 with 16 threads
WC Time ALLOCATION: 0.000008
CPU Time ALLOCATION: 0.000009

WC Time ALGORITHM: 1.051009
CPU Time ALGORITHM: 2.085970

WC Time IO OPERATION: 0.002686
CPU Time IO OPERATION: 0.002672

Total WC Time: 1.053703
Total CPU Time: 2.088651

+ mpirun -host localhost ./mandelbrot 0.175 0.375 -0.100 0.100 16 1024
Processing an image of size 1024 with 16 threads
WC Time ALLOCATION: 0.000008
CPU Time ALLOCATION: 0.000009

WC Time ALGORITHM: 1.049437
CPU Time ALGORITHM: 2.089948

WC Time IO OPERATION: 0.002506
CPU Time IO OPERATION: 0.002498

Total WC Time: 1.051951
Total CPU Time: 2.092455

+ mpirun -host localhost ./mandelbrot 0.175 0.375 -0.100 0.100 16 1024
Processing an image of size 1024 with 16 threads
WC Time ALLOCATION: 0.000007
CPU Time ALLOCATION: 0.000008

WC Time ALGORITHM: 1.047635
CPU Time ALGORITHM: 2.085059

WC Time IO OPERATION: 0.002318
CPU Time IO OPERATION: 0.002306

Total WC Time: 1.049960
Total CPU Time: 2.087373

+ mpirun -host localhost ./mandelbrot 0.175 0.375 -0.100 0.100 16 1024
Processing an image of size 1024 with 16 threads
WC Time ALLOCATION: 0.000008
CPU Time ALLOCATION: 0.000009

WC Time ALGORITHM: 1.046939
CPU Time ALGORITHM: 2.082404

WC Time IO OPERATION: 0.002820
CPU Time IO OPERATION: 0.002795

Total WC Time: 1.049767
Total CPU Time: 2.085208

+ mpirun -host localhost ./mandelbrot 0.175 0.375 -0.100 0.100 16 1024
Processing an image of size 1024 with 16 threads
WC Time ALLOCATION: 0.000009
CPU Time ALLOCATION: 0.000011

WC Time ALGORITHM: 1.056997
CPU Time ALGORITHM: 2.097785

WC Time IO OPERATION: 0.002749
CPU Time IO OPERATION: 0.002735

Total WC Time: 1.059754
Total CPU Time: 2.100531

