+ mpirun -host localhost ./mandelbrot -0.800 -0.700 0.050 0.150 8 512
Processing an image of size 512 with 8 threads
WC Time ALLOCATION: 0.000008
CPU Time ALLOCATION: 0.000010

WC Time ALGORITHM: 0.285895
CPU Time ALGORITHM: 0.558359

WC Time IO OPERATION: 0.000652
CPU Time IO OPERATION: 0.000652

Total WC Time: 0.286555
Total CPU Time: 0.559021

+ mpirun -host localhost ./mandelbrot -0.800 -0.700 0.050 0.150 8 512
Processing an image of size 512 with 8 threads
WC Time ALLOCATION: 0.000007
CPU Time ALLOCATION: 0.000009

WC Time ALGORITHM: 0.281478
CPU Time ALGORITHM: 0.550256

WC Time IO OPERATION: 0.000740
CPU Time IO OPERATION: 0.000740

Total WC Time: 0.282225
Total CPU Time: 0.551005

+ mpirun -host localhost ./mandelbrot -0.800 -0.700 0.050 0.150 8 512
Processing an image of size 512 with 8 threads
WC Time ALLOCATION: 0.000008
CPU Time ALLOCATION: 0.000009

WC Time ALGORITHM: 0.281129
CPU Time ALGORITHM: 0.550951

WC Time IO OPERATION: 0.000759
CPU Time IO OPERATION: 0.000742

Total WC Time: 0.281896
Total CPU Time: 0.551702

+ mpirun -host localhost ./mandelbrot -0.800 -0.700 0.050 0.150 8 512
Processing an image of size 512 with 8 threads
WC Time ALLOCATION: 0.000006
CPU Time ALLOCATION: 0.000007

WC Time ALGORITHM: 0.281690
CPU Time ALGORITHM: 0.547018

WC Time IO OPERATION: 0.000640
CPU Time IO OPERATION: 0.000629

Total WC Time: 0.282337
Total CPU Time: 0.547654

+ mpirun -host localhost ./mandelbrot -0.800 -0.700 0.050 0.150 8 512
Processing an image of size 512 with 8 threads
WC Time ALLOCATION: 0.000006
CPU Time ALLOCATION: 0.000008

WC Time ALGORITHM: 0.282789
CPU Time ALGORITHM: 0.551451

WC Time IO OPERATION: 0.000765
CPU Time IO OPERATION: 0.000750

Total WC Time: 0.283560
Total CPU Time: 0.552209

+ mpirun -host localhost ./mandelbrot -0.800 -0.700 0.050 0.150 8 512
Processing an image of size 512 with 8 threads
WC Time ALLOCATION: 0.000008
CPU Time ALLOCATION: 0.000010

WC Time ALGORITHM: 0.279455
CPU Time ALGORITHM: 0.549997

WC Time IO OPERATION: 0.000708
CPU Time IO OPERATION: 0.000695

Total WC Time: 0.280171
Total CPU Time: 0.550702

+ mpirun -host localhost ./mandelbrot -0.800 -0.700 0.050 0.150 8 512
Processing an image of size 512 with 8 threads
WC Time ALLOCATION: 0.000007
CPU Time ALLOCATION: 0.000008

WC Time ALGORITHM: 0.280604
CPU Time ALGORITHM: 0.552509

WC Time IO OPERATION: 0.000739
CPU Time IO OPERATION: 0.000724

Total WC Time: 0.281351
Total CPU Time: 0.553241

+ mpirun -host localhost ./mandelbrot -0.800 -0.700 0.050 0.150 8 512
Processing an image of size 512 with 8 threads
WC Time ALLOCATION: 0.000007
CPU Time ALLOCATION: 0.000009

WC Time ALGORITHM: 0.279182
CPU Time ALGORITHM: 0.550291

WC Time IO OPERATION: 0.000654
CPU Time IO OPERATION: 0.000640

Total WC Time: 0.279844
Total CPU Time: 0.550940

+ mpirun -host localhost ./mandelbrot -0.800 -0.700 0.050 0.150 8 512
Processing an image of size 512 with 8 threads
WC Time ALLOCATION: 0.000007
CPU Time ALLOCATION: 0.000008

WC Time ALGORITHM: 0.283800
CPU Time ALGORITHM: 0.552414

WC Time IO OPERATION: 0.000635
CPU Time IO OPERATION: 0.000635

Total WC Time: 0.284442
Total CPU Time: 0.553057

+ mpirun -host localhost ./mandelbrot -0.800 -0.700 0.050 0.150 8 512
Processing an image of size 512 with 8 threads
WC Time ALLOCATION: 0.000008
CPU Time ALLOCATION: 0.000009

WC Time ALGORITHM: 0.285432
CPU Time ALGORITHM: 0.553669

WC Time IO OPERATION: 0.000637
CPU Time IO OPERATION: 0.000636

Total WC Time: 0.286076
Total CPU Time: 0.554314

+ mpirun -host localhost ./mandelbrot -0.800 -0.700 0.050 0.150 16 512
Processing an image of size 512 with 16 threads
WC Time ALLOCATION: 0.000006
CPU Time ALLOCATION: 0.000007

WC Time ALGORITHM: 0.278040
CPU Time ALGORITHM: 0.551437

WC Time IO OPERATION: 0.000649
CPU Time IO OPERATION: 0.000649

Total WC Time: 0.278695
Total CPU Time: 0.552093

+ mpirun -host localhost ./mandelbrot -0.800 -0.700 0.050 0.150 16 512
Processing an image of size 512 with 16 threads
WC Time ALLOCATION: 0.000007
CPU Time ALLOCATION: 0.000009

WC Time ALGORITHM: 0.278599
CPU Time ALGORITHM: 0.549294

WC Time IO OPERATION: 0.000652
CPU Time IO OPERATION: 0.000642

Total WC Time: 0.279258
Total CPU Time: 0.549945

+ mpirun -host localhost ./mandelbrot -0.800 -0.700 0.050 0.150 16 512
Processing an image of size 512 with 16 threads
WC Time ALLOCATION: 0.000007
CPU Time ALLOCATION: 0.000009

WC Time ALGORITHM: 0.279238
CPU Time ALGORITHM: 0.553538

WC Time IO OPERATION: 0.000666
CPU Time IO OPERATION: 0.000666

Total WC Time: 0.279912
Total CPU Time: 0.554213

+ mpirun -host localhost ./mandelbrot -0.800 -0.700 0.050 0.150 16 512
Processing an image of size 512 with 16 threads
WC Time ALLOCATION: 0.000007
CPU Time ALLOCATION: 0.000008

WC Time ALGORITHM: 0.275892
CPU Time ALGORITHM: 0.549404

WC Time IO OPERATION: 0.000639
CPU Time IO OPERATION: 0.000638

Total WC Time: 0.276538
Total CPU Time: 0.550050

+ mpirun -host localhost ./mandelbrot -0.800 -0.700 0.050 0.150 16 512
Processing an image of size 512 with 16 threads
WC Time ALLOCATION: 0.000008
CPU Time ALLOCATION: 0.000008

WC Time ALGORITHM: 0.277435
CPU Time ALGORITHM: 0.548703

WC Time IO OPERATION: 0.000642
CPU Time IO OPERATION: 0.000641

Total WC Time: 0.278085
Total CPU Time: 0.549352

+ mpirun -host localhost ./mandelbrot -0.800 -0.700 0.050 0.150 16 512
Processing an image of size 512 with 16 threads
WC Time ALLOCATION: 0.000007
CPU Time ALLOCATION: 0.000009

WC Time ALGORITHM: 0.279480
CPU Time ALGORITHM: 0.554043

WC Time IO OPERATION: 0.000606
CPU Time IO OPERATION: 0.000605

Total WC Time: 0.280093
Total CPU Time: 0.554657

+ mpirun -host localhost ./mandelbrot -0.800 -0.700 0.050 0.150 16 512
Processing an image of size 512 with 16 threads
WC Time ALLOCATION: 0.000007
CPU Time ALLOCATION: 0.000008

WC Time ALGORITHM: 0.279652
CPU Time ALGORITHM: 0.550671

WC Time IO OPERATION: 0.000635
CPU Time IO OPERATION: 0.000622

Total WC Time: 0.280294
Total CPU Time: 0.551301

+ mpirun -host localhost ./mandelbrot -0.800 -0.700 0.050 0.150 16 512
Processing an image of size 512 with 16 threads
WC Time ALLOCATION: 0.000008
CPU Time ALLOCATION: 0.000009

WC Time ALGORITHM: 0.278436
CPU Time ALGORITHM: 0.552971

WC Time IO OPERATION: 0.001178
CPU Time IO OPERATION: 0.000719

Total WC Time: 0.279622
Total CPU Time: 0.553699

+ mpirun -host localhost ./mandelbrot -0.800 -0.700 0.050 0.150 16 512
Processing an image of size 512 with 16 threads
WC Time ALLOCATION: 0.000007
CPU Time ALLOCATION: 0.000008

WC Time ALGORITHM: 0.280884
CPU Time ALGORITHM: 0.551358

WC Time IO OPERATION: 0.000671
CPU Time IO OPERATION: 0.000656

Total WC Time: 0.281562
Total CPU Time: 0.552022

+ mpirun -host localhost ./mandelbrot -0.800 -0.700 0.050 0.150 16 512
Processing an image of size 512 with 16 threads
WC Time ALLOCATION: 0.000007
CPU Time ALLOCATION: 0.000008

WC Time ALGORITHM: 0.279097
CPU Time ALGORITHM: 0.548615

WC Time IO OPERATION: 0.000638
CPU Time IO OPERATION: 0.000638

Total WC Time: 0.279742
Total CPU Time: 0.549261

+ mpirun -host localhost ./mandelbrot -0.800 -0.700 0.050 0.150 8 1024
Processing an image of size 1024 with 8 threads
WC Time ALLOCATION: 0.000008
CPU Time ALLOCATION: 0.000009

WC Time ALGORITHM: 1.107594
CPU Time ALGORITHM: 2.206527

WC Time IO OPERATION: 0.002361
CPU Time IO OPERATION: 0.002353

Total WC Time: 1.109963
Total CPU Time: 2.208889

+ mpirun -host localhost ./mandelbrot -0.800 -0.700 0.050 0.150 8 1024
Processing an image of size 1024 with 8 threads
WC Time ALLOCATION: 0.000008
CPU Time ALLOCATION: 0.000010

WC Time ALGORITHM: 1.108620
CPU Time ALGORITHM: 2.201099

WC Time IO OPERATION: 0.002663
CPU Time IO OPERATION: 0.002650

Total WC Time: 1.111291
Total CPU Time: 2.203759

+ mpirun -host localhost ./mandelbrot -0.800 -0.700 0.050 0.150 8 1024
Processing an image of size 1024 with 8 threads
WC Time ALLOCATION: 0.000007
CPU Time ALLOCATION: 0.000008

WC Time ALGORITHM: 2.880838
CPU Time ALGORITHM: 2.206809

WC Time IO OPERATION: 0.002910
CPU Time IO OPERATION: 0.002897

Total WC Time: 2.883756
Total CPU Time: 2.209714

+ mpirun -host localhost ./mandelbrot -0.800 -0.700 0.050 0.150 8 1024
Processing an image of size 1024 with 8 threads
WC Time ALLOCATION: 0.000007
CPU Time ALLOCATION: 0.000008

WC Time ALGORITHM: 1.121956
CPU Time ALGORITHM: 2.209441

WC Time IO OPERATION: 0.003108
CPU Time IO OPERATION: 0.003095

Total WC Time: 1.125071
Total CPU Time: 2.212544

+ mpirun -host localhost ./mandelbrot -0.800 -0.700 0.050 0.150 8 1024
Processing an image of size 1024 with 8 threads
WC Time ALLOCATION: 0.000007
CPU Time ALLOCATION: 0.000009

WC Time ALGORITHM: 1.120664
CPU Time ALGORITHM: 2.211172

WC Time IO OPERATION: 0.003230
CPU Time IO OPERATION: 0.003212

Total WC Time: 1.123900
Total CPU Time: 2.214393

+ mpirun -host localhost ./mandelbrot -0.800 -0.700 0.050 0.150 8 1024
Processing an image of size 1024 with 8 threads
WC Time ALLOCATION: 0.000008
CPU Time ALLOCATION: 0.000009

WC Time ALGORITHM: 1.107600
CPU Time ALGORITHM: 2.198997

WC Time IO OPERATION: 0.003117
CPU Time IO OPERATION: 0.003103

Total WC Time: 1.110725
Total CPU Time: 2.202109

+ mpirun -host localhost ./mandelbrot -0.800 -0.700 0.050 0.150 8 1024
Processing an image of size 1024 with 8 threads
WC Time ALLOCATION: 0.000008
CPU Time ALLOCATION: 0.000009

WC Time ALGORITHM: 2.880793
CPU Time ALGORITHM: 2.203282

WC Time IO OPERATION: 0.003855
CPU Time IO OPERATION: 0.003833

Total WC Time: 2.884656
Total CPU Time: 2.207124

+ mpirun -host localhost ./mandelbrot -0.800 -0.700 0.050 0.150 8 1024
Processing an image of size 1024 with 8 threads
WC Time ALLOCATION: 0.000009
CPU Time ALLOCATION: 0.000011

WC Time ALGORITHM: 1.116797
CPU Time ALGORITHM: 2.196934

WC Time IO OPERATION: 0.003991
CPU Time IO OPERATION: 0.003969

Total WC Time: 1.120797
Total CPU Time: 2.200914

+ mpirun -host localhost ./mandelbrot -0.800 -0.700 0.050 0.150 8 1024
Processing an image of size 1024 with 8 threads
WC Time ALLOCATION: 0.000007
CPU Time ALLOCATION: 0.000009

WC Time ALGORITHM: 1.112083
CPU Time ALGORITHM: 2.203827

WC Time IO OPERATION: 0.002982
CPU Time IO OPERATION: 0.002967

Total WC Time: 1.115073
Total CPU Time: 2.206803

+ mpirun -host localhost ./mandelbrot -0.800 -0.700 0.050 0.150 8 1024
Processing an image of size 1024 with 8 threads
WC Time ALLOCATION: 0.000009
CPU Time ALLOCATION: 0.000010

WC Time ALGORITHM: 1.115526
CPU Time ALGORITHM: 2.218169

WC Time IO OPERATION: 0.002704
CPU Time IO OPERATION: 0.002680

Total WC Time: 1.118239
Total CPU Time: 2.220859

+ mpirun -host localhost ./mandelbrot -0.800 -0.700 0.050 0.150 16 1024
Processing an image of size 1024 with 16 threads
WC Time ALLOCATION: 0.000007
CPU Time ALLOCATION: 0.000009

WC Time ALGORITHM: 1.107521
CPU Time ALGORITHM: 2.207835

WC Time IO OPERATION: 0.002296
CPU Time IO OPERATION: 0.002266

Total WC Time: 1.109824
Total CPU Time: 2.210110

+ mpirun -host localhost ./mandelbrot -0.800 -0.700 0.050 0.150 16 1024
Processing an image of size 1024 with 16 threads
WC Time ALLOCATION: 0.000008
CPU Time ALLOCATION: 0.000009

WC Time ALGORITHM: 1.115611
CPU Time ALGORITHM: 2.212991

WC Time IO OPERATION: 0.002280
CPU Time IO OPERATION: 0.002272

Total WC Time: 1.117899
Total CPU Time: 2.215272

+ mpirun -host localhost ./mandelbrot -0.800 -0.700 0.050 0.150 16 1024
Processing an image of size 1024 with 16 threads
WC Time ALLOCATION: 0.000008
CPU Time ALLOCATION: 0.000009

WC Time ALGORITHM: 1.113879
CPU Time ALGORITHM: 2.211829

WC Time IO OPERATION: 0.002677
CPU Time IO OPERATION: 0.002663

Total WC Time: 1.116564
Total CPU Time: 2.214501

+ mpirun -host localhost ./mandelbrot -0.800 -0.700 0.050 0.150 16 1024
Processing an image of size 1024 with 16 threads
WC Time ALLOCATION: 0.000009
CPU Time ALLOCATION: 0.000010

WC Time ALGORITHM: 1.111721
CPU Time ALGORITHM: 2.207152

WC Time IO OPERATION: 0.002630
CPU Time IO OPERATION: 0.002622

Total WC Time: 1.114359
Total CPU Time: 2.209784

+ mpirun -host localhost ./mandelbrot -0.800 -0.700 0.050 0.150 16 1024
Processing an image of size 1024 with 16 threads
WC Time ALLOCATION: 0.000008
CPU Time ALLOCATION: 0.000009

WC Time ALGORITHM: 1.119079
CPU Time ALGORITHM: 2.216733

WC Time IO OPERATION: 0.003030
CPU Time IO OPERATION: 0.003017

Total WC Time: 1.122117
Total CPU Time: 2.219759

+ mpirun -host localhost ./mandelbrot -0.800 -0.700 0.050 0.150 16 1024
Processing an image of size 1024 with 16 threads
WC Time ALLOCATION: 0.000007
CPU Time ALLOCATION: 0.000009

WC Time ALGORITHM: 1.112905
CPU Time ALGORITHM: 2.207314

WC Time IO OPERATION: 0.003144
CPU Time IO OPERATION: 0.003130

Total WC Time: 1.116056
Total CPU Time: 2.210453

+ mpirun -host localhost ./mandelbrot -0.800 -0.700 0.050 0.150 16 1024
Processing an image of size 1024 with 16 threads
WC Time ALLOCATION: 0.000017
CPU Time ALLOCATION: 0.000018

WC Time ALGORITHM: 2.885759
CPU Time ALGORITHM: 2.221666

WC Time IO OPERATION: 0.002270
CPU Time IO OPERATION: 0.002262

Total WC Time: 2.888046
Total CPU Time: 2.223946

+ mpirun -host localhost ./mandelbrot -0.800 -0.700 0.050 0.150 16 1024
Processing an image of size 1024 with 16 threads
WC Time ALLOCATION: 0.000007
CPU Time ALLOCATION: 0.000008

WC Time ALGORITHM: 1.118592
CPU Time ALGORITHM: 2.211143

WC Time IO OPERATION: 0.003450
CPU Time IO OPERATION: 0.003431

Total WC Time: 1.122049
Total CPU Time: 2.214582

+ mpirun -host localhost ./mandelbrot -0.800 -0.700 0.050 0.150 16 1024
Processing an image of size 1024 with 16 threads
WC Time ALLOCATION: 0.000007
CPU Time ALLOCATION: 0.000009

WC Time ALGORITHM: 1.114213
CPU Time ALGORITHM: 2.210300

WC Time IO OPERATION: 0.002995
CPU Time IO OPERATION: 0.002983

Total WC Time: 1.117215
Total CPU Time: 2.213292

+ mpirun -host localhost ./mandelbrot -0.800 -0.700 0.050 0.150 16 1024
Processing an image of size 1024 with 16 threads
WC Time ALLOCATION: 0.000009
CPU Time ALLOCATION: 0.000010

WC Time ALGORITHM: 1.105030
CPU Time ALGORITHM: 2.202964

WC Time IO OPERATION: 0.002294
CPU Time IO OPERATION: 0.002286

Total WC Time: 1.107332
Total CPU Time: 2.205260

