
 Performance counter stats for 'mpirun -host instance-1,instance-2 ./mandelbrot 0.175 0.375 -0.100 0.100 8 8192':

      55515.738826      task-clock (msec)         #    3.128 CPUs utilized          
             3,916      context-switches          #    0.071 K/sec                  
                61      cpu-migrations            #    0.001 K/sec                  
            75,900      page-faults               #    0.001 M/sec                  
   <not supported>      cycles                   
   <not supported>      stalled-cycles-frontend  
   <not supported>      stalled-cycles-backend   
   <not supported>      instructions             
   <not supported>      branches                 
   <not supported>      branch-misses            
   <not supported>      L1-dcache-loads          
   <not supported>      L1-dcache-load-misses    
   <not supported>      LLC-loads                
   <not supported>      LLC-load-misses          

      17.748202411 seconds time elapsed


 Performance counter stats for 'mpirun -host instance-1,instance-2 ./mandelbrot 0.175 0.375 -0.100 0.100 8 8192':

      55716.125128      task-clock (msec)         #    3.130 CPUs utilized          
             3,932      context-switches          #    0.071 K/sec                  
                83      cpu-migrations            #    0.001 K/sec                  
            75,896      page-faults               #    0.001 M/sec                  
   <not supported>      cycles                   
   <not supported>      stalled-cycles-frontend  
   <not supported>      stalled-cycles-backend   
   <not supported>      instructions             
   <not supported>      branches                 
   <not supported>      branch-misses            
   <not supported>      L1-dcache-loads          
   <not supported>      L1-dcache-load-misses    
   <not supported>      LLC-loads                
   <not supported>      LLC-load-misses          

      17.800426695 seconds time elapsed


 Performance counter stats for 'mpirun -host instance-1,instance-2 ./mandelbrot 0.175 0.375 -0.100 0.100 8 8192':

      56412.406482      task-clock (msec)         #    3.136 CPUs utilized          
             3,963      context-switches          #    0.070 K/sec                  
                63      cpu-migrations            #    0.001 K/sec                  
            75,892      page-faults               #    0.001 M/sec                  
   <not supported>      cycles                   
   <not supported>      stalled-cycles-frontend  
   <not supported>      stalled-cycles-backend   
   <not supported>      instructions             
   <not supported>      branches                 
   <not supported>      branch-misses            
   <not supported>      L1-dcache-loads          
   <not supported>      L1-dcache-load-misses    
   <not supported>      LLC-loads                
   <not supported>      LLC-load-misses          

      17.986525516 seconds time elapsed


 Performance counter stats for 'mpirun -host instance-1,instance-2 ./mandelbrot 0.175 0.375 -0.100 0.100 8 8192':

      55706.414975      task-clock (msec)         #    3.126 CPUs utilized          
             3,929      context-switches          #    0.071 K/sec                  
                71      cpu-migrations            #    0.001 K/sec                  
            75,904      page-faults               #    0.001 M/sec                  
   <not supported>      cycles                   
   <not supported>      stalled-cycles-frontend  
   <not supported>      stalled-cycles-backend   
   <not supported>      instructions             
   <not supported>      branches                 
   <not supported>      branch-misses            
   <not supported>      L1-dcache-loads          
   <not supported>      L1-dcache-load-misses    
   <not supported>      LLC-loads                
   <not supported>      LLC-load-misses          

      17.820607070 seconds time elapsed


 Performance counter stats for 'mpirun -host instance-1,instance-2 ./mandelbrot 0.175 0.375 -0.100 0.100 8 8192':

      55491.419177      task-clock (msec)         #    3.142 CPUs utilized          
             3,930      context-switches          #    0.071 K/sec                  
                60      cpu-migrations            #    0.001 K/sec                  
            75,904      page-faults               #    0.001 M/sec                  
   <not supported>      cycles                   
   <not supported>      stalled-cycles-frontend  
   <not supported>      stalled-cycles-backend   
   <not supported>      instructions             
   <not supported>      branches                 
   <not supported>      branch-misses            
   <not supported>      L1-dcache-loads          
   <not supported>      L1-dcache-load-misses    
   <not supported>      LLC-loads                
   <not supported>      LLC-load-misses          

      17.659618440 seconds time elapsed


 Performance counter stats for 'mpirun -host instance-1,instance-2 ./mandelbrot 0.175 0.375 -0.100 0.100 8 8192':

      55256.314556      task-clock (msec)         #    3.138 CPUs utilized          
             3,896      context-switches          #    0.071 K/sec                  
                69      cpu-migrations            #    0.001 K/sec                  
            75,892      page-faults               #    0.001 M/sec                  
   <not supported>      cycles                   
   <not supported>      stalled-cycles-frontend  
   <not supported>      stalled-cycles-backend   
   <not supported>      instructions             
   <not supported>      branches                 
   <not supported>      branch-misses            
   <not supported>      L1-dcache-loads          
   <not supported>      L1-dcache-load-misses    
   <not supported>      LLC-loads                
   <not supported>      LLC-load-misses          

      17.608288485 seconds time elapsed


 Performance counter stats for 'mpirun -host instance-1,instance-2 ./mandelbrot 0.175 0.375 -0.100 0.100 8 8192':

      55472.119323      task-clock (msec)         #    3.137 CPUs utilized          
             3,917      context-switches          #    0.071 K/sec                  
                66      cpu-migrations            #    0.001 K/sec                  
            75,902      page-faults               #    0.001 M/sec                  
   <not supported>      cycles                   
   <not supported>      stalled-cycles-frontend  
   <not supported>      stalled-cycles-backend   
   <not supported>      instructions             
   <not supported>      branches                 
   <not supported>      branch-misses            
   <not supported>      L1-dcache-loads          
   <not supported>      L1-dcache-load-misses    
   <not supported>      LLC-loads                
   <not supported>      LLC-load-misses          

      17.681163707 seconds time elapsed


 Performance counter stats for 'mpirun -host instance-1,instance-2 ./mandelbrot 0.175 0.375 -0.100 0.100 8 8192':

      55536.602238      task-clock (msec)         #    3.121 CPUs utilized          
             3,905      context-switches          #    0.070 K/sec                  
                70      cpu-migrations            #    0.001 K/sec                  
            75,901      page-faults               #    0.001 M/sec                  
   <not supported>      cycles                   
   <not supported>      stalled-cycles-frontend  
   <not supported>      stalled-cycles-backend   
   <not supported>      instructions             
   <not supported>      branches                 
   <not supported>      branch-misses            
   <not supported>      L1-dcache-loads          
   <not supported>      L1-dcache-load-misses    
   <not supported>      LLC-loads                
   <not supported>      LLC-load-misses          

      17.793477443 seconds time elapsed


 Performance counter stats for 'mpirun -host instance-1,instance-2 ./mandelbrot 0.175 0.375 -0.100 0.100 8 8192':

      55719.517740      task-clock (msec)         #    3.123 CPUs utilized          
             3,903      context-switches          #    0.070 K/sec                  
                76      cpu-migrations            #    0.001 K/sec                  
            75,897      page-faults               #    0.001 M/sec                  
   <not supported>      cycles                   
   <not supported>      stalled-cycles-frontend  
   <not supported>      stalled-cycles-backend   
   <not supported>      instructions             
   <not supported>      branches                 
   <not supported>      branch-misses            
   <not supported>      L1-dcache-loads          
   <not supported>      L1-dcache-load-misses    
   <not supported>      LLC-loads                
   <not supported>      LLC-load-misses          

      17.843505205 seconds time elapsed


 Performance counter stats for 'mpirun -host instance-1,instance-2 ./mandelbrot 0.175 0.375 -0.100 0.100 8 8192':

      55902.915739      task-clock (msec)         #    3.108 CPUs utilized          
             3,909      context-switches          #    0.070 K/sec                  
                72      cpu-migrations            #    0.001 K/sec                  
            75,898      page-faults               #    0.001 M/sec                  
   <not supported>      cycles                   
   <not supported>      stalled-cycles-frontend  
   <not supported>      stalled-cycles-backend   
   <not supported>      instructions             
   <not supported>      branches                 
   <not supported>      branch-misses            
   <not supported>      L1-dcache-loads          
   <not supported>      L1-dcache-load-misses    
   <not supported>      LLC-loads                
   <not supported>      LLC-load-misses          

      17.984206456 seconds time elapsed

