
 Performance counter stats for 'mpirun -host instance-1,instance-2 ./mandelbrot -0.800 -0.700 0.050 0.150 4 8192':

      69262.096222      task-clock (msec)         #    2.796 CPUs utilized          
               314      context-switches          #    0.005 K/sec                  
                15      cpu-migrations            #    0.000 K/sec                  
            75,880      page-faults               #    0.001 M/sec                  
   <not supported>      cycles                   
   <not supported>      stalled-cycles-frontend  
   <not supported>      stalled-cycles-backend   
   <not supported>      instructions             
   <not supported>      branches                 
   <not supported>      branch-misses            
   <not supported>      L1-dcache-loads          
   <not supported>      L1-dcache-load-misses    
   <not supported>      LLC-loads                
   <not supported>      LLC-load-misses          

      24.770045767 seconds time elapsed


 Performance counter stats for 'mpirun -host instance-1,instance-2 ./mandelbrot -0.800 -0.700 0.050 0.150 4 8192':

      69908.306081      task-clock (msec)         #    2.822 CPUs utilized          
               337      context-switches          #    0.005 K/sec                  
                10      cpu-migrations            #    0.000 K/sec                  
            75,888      page-faults               #    0.001 M/sec                  
   <not supported>      cycles                   
   <not supported>      stalled-cycles-frontend  
   <not supported>      stalled-cycles-backend   
   <not supported>      instructions             
   <not supported>      branches                 
   <not supported>      branch-misses            
   <not supported>      L1-dcache-loads          
   <not supported>      L1-dcache-load-misses    
   <not supported>      LLC-loads                
   <not supported>      LLC-load-misses          

      24.775708912 seconds time elapsed


 Performance counter stats for 'mpirun -host instance-1,instance-2 ./mandelbrot -0.800 -0.700 0.050 0.150 4 8192':

      70313.865413      task-clock (msec)         #    2.818 CPUs utilized          
               360      context-switches          #    0.005 K/sec                  
                15      cpu-migrations            #    0.000 K/sec                  
            75,888      page-faults               #    0.001 M/sec                  
   <not supported>      cycles                   
   <not supported>      stalled-cycles-frontend  
   <not supported>      stalled-cycles-backend   
   <not supported>      instructions             
   <not supported>      branches                 
   <not supported>      branch-misses            
   <not supported>      L1-dcache-loads          
   <not supported>      L1-dcache-load-misses    
   <not supported>      LLC-loads                
   <not supported>      LLC-load-misses          

      24.949274005 seconds time elapsed


 Performance counter stats for 'mpirun -host instance-1,instance-2 ./mandelbrot -0.800 -0.700 0.050 0.150 4 8192':

      69014.663667      task-clock (msec)         #    2.765 CPUs utilized          
               293      context-switches          #    0.004 K/sec                  
                11      cpu-migrations            #    0.000 K/sec                  
            75,888      page-faults               #    0.001 M/sec                  
   <not supported>      cycles                   
   <not supported>      stalled-cycles-frontend  
   <not supported>      stalled-cycles-backend   
   <not supported>      instructions             
   <not supported>      branches                 
   <not supported>      branch-misses            
   <not supported>      L1-dcache-loads          
   <not supported>      L1-dcache-load-misses    
   <not supported>      LLC-loads                
   <not supported>      LLC-load-misses          

      24.959367019 seconds time elapsed


 Performance counter stats for 'mpirun -host instance-1,instance-2 ./mandelbrot -0.800 -0.700 0.050 0.150 4 8192':

      69989.618229      task-clock (msec)         #    2.818 CPUs utilized          
               356      context-switches          #    0.005 K/sec                  
                17      cpu-migrations            #    0.000 K/sec                  
            75,895      page-faults               #    0.001 M/sec                  
   <not supported>      cycles                   
   <not supported>      stalled-cycles-frontend  
   <not supported>      stalled-cycles-backend   
   <not supported>      instructions             
   <not supported>      branches                 
   <not supported>      branch-misses            
   <not supported>      L1-dcache-loads          
   <not supported>      L1-dcache-load-misses    
   <not supported>      LLC-loads                
   <not supported>      LLC-load-misses          

      24.833822716 seconds time elapsed


 Performance counter stats for 'mpirun -host instance-1,instance-2 ./mandelbrot -0.800 -0.700 0.050 0.150 4 8192':

      69939.702012      task-clock (msec)         #    2.811 CPUs utilized          
               344      context-switches          #    0.005 K/sec                  
                15      cpu-migrations            #    0.000 K/sec                  
            75,886      page-faults               #    0.001 M/sec                  
   <not supported>      cycles                   
   <not supported>      stalled-cycles-frontend  
   <not supported>      stalled-cycles-backend   
   <not supported>      instructions             
   <not supported>      branches                 
   <not supported>      branch-misses            
   <not supported>      L1-dcache-loads          
   <not supported>      L1-dcache-load-misses    
   <not supported>      LLC-loads                
   <not supported>      LLC-load-misses          

      24.877069213 seconds time elapsed


 Performance counter stats for 'mpirun -host instance-1,instance-2 ./mandelbrot -0.800 -0.700 0.050 0.150 4 8192':

      69277.991321      task-clock (msec)         #    2.766 CPUs utilized          
               354      context-switches          #    0.005 K/sec                  
                14      cpu-migrations            #    0.000 K/sec                  
            75,885      page-faults               #    0.001 M/sec                  
   <not supported>      cycles                   
   <not supported>      stalled-cycles-frontend  
   <not supported>      stalled-cycles-backend   
   <not supported>      instructions             
   <not supported>      branches                 
   <not supported>      branch-misses            
   <not supported>      L1-dcache-loads          
   <not supported>      L1-dcache-load-misses    
   <not supported>      LLC-loads                
   <not supported>      LLC-load-misses          

      25.048879900 seconds time elapsed


 Performance counter stats for 'mpirun -host instance-1,instance-2 ./mandelbrot -0.800 -0.700 0.050 0.150 4 8192':

      69511.741135      task-clock (msec)         #    2.755 CPUs utilized          
               320      context-switches          #    0.005 K/sec                  
                16      cpu-migrations            #    0.000 K/sec                  
            75,882      page-faults               #    0.001 M/sec                  
   <not supported>      cycles                   
   <not supported>      stalled-cycles-frontend  
   <not supported>      stalled-cycles-backend   
   <not supported>      instructions             
   <not supported>      branches                 
   <not supported>      branch-misses            
   <not supported>      L1-dcache-loads          
   <not supported>      L1-dcache-load-misses    
   <not supported>      LLC-loads                
   <not supported>      LLC-load-misses          

      25.229059326 seconds time elapsed


 Performance counter stats for 'mpirun -host instance-1,instance-2 ./mandelbrot -0.800 -0.700 0.050 0.150 4 8192':

      69901.420861      task-clock (msec)         #    2.798 CPUs utilized          
               354      context-switches          #    0.005 K/sec                  
                12      cpu-migrations            #    0.000 K/sec                  
            75,887      page-faults               #    0.001 M/sec                  
   <not supported>      cycles                   
   <not supported>      stalled-cycles-frontend  
   <not supported>      stalled-cycles-backend   
   <not supported>      instructions             
   <not supported>      branches                 
   <not supported>      branch-misses            
   <not supported>      L1-dcache-loads          
   <not supported>      L1-dcache-load-misses    
   <not supported>      LLC-loads                
   <not supported>      LLC-load-misses          

      24.986309515 seconds time elapsed


 Performance counter stats for 'mpirun -host instance-1,instance-2 ./mandelbrot -0.800 -0.700 0.050 0.150 4 8192':

      68974.330480      task-clock (msec)         #    2.786 CPUs utilized          
               308      context-switches          #    0.004 K/sec                  
                14      cpu-migrations            #    0.000 K/sec                  
            75,885      page-faults               #    0.001 M/sec                  
   <not supported>      cycles                   
   <not supported>      stalled-cycles-frontend  
   <not supported>      stalled-cycles-backend   
   <not supported>      instructions             
   <not supported>      branches                 
   <not supported>      branch-misses            
   <not supported>      L1-dcache-loads          
   <not supported>      L1-dcache-load-misses    
   <not supported>      LLC-loads                
   <not supported>      LLC-load-misses          

      24.756197803 seconds time elapsed

