
 Performance counter stats for 'mpirun -host instance-1,instance-2 ./mandelbrot -0.188 -0.012 0.554 0.754 8 8192':

      69036.333321      task-clock (msec)         #    3.554 CPUs utilized          
             5,634      context-switches          #    0.082 K/sec                  
                53      cpu-migrations            #    0.001 K/sec                  
            75,902      page-faults               #    0.001 M/sec                  
   <not supported>      cycles                   
   <not supported>      stalled-cycles-frontend  
   <not supported>      stalled-cycles-backend   
   <not supported>      instructions             
   <not supported>      branches                 
   <not supported>      branch-misses            
   <not supported>      L1-dcache-loads          
   <not supported>      L1-dcache-load-misses    
   <not supported>      LLC-loads                
   <not supported>      LLC-load-misses          

      19.425272363 seconds time elapsed


 Performance counter stats for 'mpirun -host instance-1,instance-2 ./mandelbrot -0.188 -0.012 0.554 0.754 8 8192':

      69022.396608      task-clock (msec)         #    3.549 CPUs utilized          
             5,683      context-switches          #    0.082 K/sec                  
                54      cpu-migrations            #    0.001 K/sec                  
            75,899      page-faults               #    0.001 M/sec                  
   <not supported>      cycles                   
   <not supported>      stalled-cycles-frontend  
   <not supported>      stalled-cycles-backend   
   <not supported>      instructions             
   <not supported>      branches                 
   <not supported>      branch-misses            
   <not supported>      L1-dcache-loads          
   <not supported>      L1-dcache-load-misses    
   <not supported>      LLC-loads                
   <not supported>      LLC-load-misses          

      19.447225223 seconds time elapsed


 Performance counter stats for 'mpirun -host instance-1,instance-2 ./mandelbrot -0.188 -0.012 0.554 0.754 8 8192':

      69041.384278      task-clock (msec)         #    3.541 CPUs utilized          
             5,680      context-switches          #    0.082 K/sec                  
                61      cpu-migrations            #    0.001 K/sec                  
            75,888      page-faults               #    0.001 M/sec                  
   <not supported>      cycles                   
   <not supported>      stalled-cycles-frontend  
   <not supported>      stalled-cycles-backend   
   <not supported>      instructions             
   <not supported>      branches                 
   <not supported>      branch-misses            
   <not supported>      L1-dcache-loads          
   <not supported>      L1-dcache-load-misses    
   <not supported>      LLC-loads                
   <not supported>      LLC-load-misses          

      19.495021343 seconds time elapsed


 Performance counter stats for 'mpirun -host instance-1,instance-2 ./mandelbrot -0.188 -0.012 0.554 0.754 8 8192':

      69002.261490      task-clock (msec)         #    3.511 CPUs utilized          
             5,692      context-switches          #    0.082 K/sec                  
                52      cpu-migrations            #    0.001 K/sec                  
            75,885      page-faults               #    0.001 M/sec                  
   <not supported>      cycles                   
   <not supported>      stalled-cycles-frontend  
   <not supported>      stalled-cycles-backend   
   <not supported>      instructions             
   <not supported>      branches                 
   <not supported>      branch-misses            
   <not supported>      L1-dcache-loads          
   <not supported>      L1-dcache-load-misses    
   <not supported>      LLC-loads                
   <not supported>      LLC-load-misses          

      19.654532350 seconds time elapsed


 Performance counter stats for 'mpirun -host instance-1,instance-2 ./mandelbrot -0.188 -0.012 0.554 0.754 8 8192':

      69016.632669      task-clock (msec)         #    3.554 CPUs utilized          
             5,648      context-switches          #    0.082 K/sec                  
                55      cpu-migrations            #    0.001 K/sec                  
            75,901      page-faults               #    0.001 M/sec                  
   <not supported>      cycles                   
   <not supported>      stalled-cycles-frontend  
   <not supported>      stalled-cycles-backend   
   <not supported>      instructions             
   <not supported>      branches                 
   <not supported>      branch-misses            
   <not supported>      L1-dcache-loads          
   <not supported>      L1-dcache-load-misses    
   <not supported>      LLC-loads                
   <not supported>      LLC-load-misses          

      19.421570219 seconds time elapsed


 Performance counter stats for 'mpirun -host instance-1,instance-2 ./mandelbrot -0.188 -0.012 0.554 0.754 8 8192':

      68991.903845      task-clock (msec)         #    3.498 CPUs utilized          
             5,643      context-switches          #    0.082 K/sec                  
                61      cpu-migrations            #    0.001 K/sec                  
            75,892      page-faults               #    0.001 M/sec                  
   <not supported>      cycles                   
   <not supported>      stalled-cycles-frontend  
   <not supported>      stalled-cycles-backend   
   <not supported>      instructions             
   <not supported>      branches                 
   <not supported>      branch-misses            
   <not supported>      L1-dcache-loads          
   <not supported>      L1-dcache-load-misses    
   <not supported>      LLC-loads                
   <not supported>      LLC-load-misses          

      19.721287181 seconds time elapsed


 Performance counter stats for 'mpirun -host instance-1,instance-2 ./mandelbrot -0.188 -0.012 0.554 0.754 8 8192':

      69041.620267      task-clock (msec)         #    3.533 CPUs utilized          
             5,639      context-switches          #    0.082 K/sec                  
                48      cpu-migrations            #    0.001 K/sec                  
            75,889      page-faults               #    0.001 M/sec                  
   <not supported>      cycles                   
   <not supported>      stalled-cycles-frontend  
   <not supported>      stalled-cycles-backend   
   <not supported>      instructions             
   <not supported>      branches                 
   <not supported>      branch-misses            
   <not supported>      L1-dcache-loads          
   <not supported>      L1-dcache-load-misses    
   <not supported>      LLC-loads                
   <not supported>      LLC-load-misses          

      19.543818281 seconds time elapsed


 Performance counter stats for 'mpirun -host instance-1,instance-2 ./mandelbrot -0.188 -0.012 0.554 0.754 8 8192':

      68983.257069      task-clock (msec)         #    3.548 CPUs utilized          
             5,624      context-switches          #    0.082 K/sec                  
                61      cpu-migrations            #    0.001 K/sec                  
            75,907      page-faults               #    0.001 M/sec                  
   <not supported>      cycles                   
   <not supported>      stalled-cycles-frontend  
   <not supported>      stalled-cycles-backend   
   <not supported>      instructions             
   <not supported>      branches                 
   <not supported>      branch-misses            
   <not supported>      L1-dcache-loads          
   <not supported>      L1-dcache-load-misses    
   <not supported>      LLC-loads                
   <not supported>      LLC-load-misses          

      19.440148798 seconds time elapsed


 Performance counter stats for 'mpirun -host instance-1,instance-2 ./mandelbrot -0.188 -0.012 0.554 0.754 8 8192':

      69076.260262      task-clock (msec)         #    3.551 CPUs utilized          
             5,657      context-switches          #    0.082 K/sec                  
                49      cpu-migrations            #    0.001 K/sec                  
            75,900      page-faults               #    0.001 M/sec                  
   <not supported>      cycles                   
   <not supported>      stalled-cycles-frontend  
   <not supported>      stalled-cycles-backend   
   <not supported>      instructions             
   <not supported>      branches                 
   <not supported>      branch-misses            
   <not supported>      L1-dcache-loads          
   <not supported>      L1-dcache-load-misses    
   <not supported>      LLC-loads                
   <not supported>      LLC-load-misses          

      19.452218914 seconds time elapsed


 Performance counter stats for 'mpirun -host instance-1,instance-2 ./mandelbrot -0.188 -0.012 0.554 0.754 8 8192':

      69001.124076      task-clock (msec)         #    3.552 CPUs utilized          
             5,693      context-switches          #    0.083 K/sec                  
                52      cpu-migrations            #    0.001 K/sec                  
            75,894      page-faults               #    0.001 M/sec                  
   <not supported>      cycles                   
   <not supported>      stalled-cycles-frontend  
   <not supported>      stalled-cycles-backend   
   <not supported>      instructions             
   <not supported>      branches                 
   <not supported>      branch-misses            
   <not supported>      L1-dcache-loads          
   <not supported>      L1-dcache-load-misses    
   <not supported>      LLC-loads                
   <not supported>      LLC-load-misses          

      19.426851675 seconds time elapsed

